<?xml version="1.0" encoding="UTF-8"?>
<testng-results ignored="0" total="2" passed="2" failed="0" skipped="0">
  <reporter-output>
  </reporter-output>
  <suite started-at="2023-05-19T18:41:12 EEST" name="Default suite" finished-at="2023-05-19T18:41:48 EEST" duration-ms="36184">
    <groups>
    </groups>
    <test started-at="2023-05-19T18:41:12 EEST" name="Default test" finished-at="2023-05-19T18:41:48 EEST" duration-ms="36184">
      <class name="New.Web">
        <test-method is-config="true" signature="Add()[pri:0, instance:New.Web@1e1a0406]" started-at="2023-05-19T18:41:13 EEST" name="Add" finished-at="2023-05-19T18:41:26 EEST" duration-ms="13642" status="PASS">
          <reporter-output>
          </reporter-output>
        </test-method> <!-- Add -->
        <test-method signature="Admin()[pri:0, instance:New.Web@1e1a0406]" started-at="2023-05-19T18:41:26 EEST" name="Admin" finished-at="2023-05-19T18:41:33 EEST" duration-ms="6701" status="PASS">
          <reporter-output>
          </reporter-output>
        </test-method> <!-- Admin -->
        <test-method is-config="true" signature="Z()[pri:0, instance:New.Web@1e1a0406]" started-at="2023-05-19T18:41:33 EEST" name="Z" finished-at="2023-05-19T18:41:34 EEST" duration-ms="1131" status="PASS">
          <reporter-output>
          </reporter-output>
        </test-method> <!-- Z -->
        <test-method is-config="true" signature="Add()[pri:0, instance:New.Web@1e1a0406]" started-at="2023-05-19T18:41:34 EEST" name="Add" finished-at="2023-05-19T18:41:42 EEST" duration-ms="8059" status="PASS">
          <reporter-output>
          </reporter-output>
        </test-method> <!-- Add -->
        <test-method signature="Admin()[pri:0, instance:New.Web@1e1a0406]" started-at="2023-05-19T18:41:42 EEST" name="Admin" finished-at="2023-05-19T18:41:48 EEST" duration-ms="5589" status="PASS">
          <reporter-output>
          </reporter-output>
        </test-method> <!-- Admin -->
        <test-method is-config="true" signature="Z()[pri:0, instance:New.Web@1e1a0406]" started-at="2023-05-19T18:41:48 EEST" name="Z" finished-at="2023-05-19T18:41:48 EEST" duration-ms="803" status="PASS">
          <reporter-output>
          </reporter-output>
        </test-method> <!-- Z -->
      </class> <!-- New.Web -->
    </test> <!-- Default test -->
  </suite> <!-- Default suite -->
</testng-results>
