<?xml version="1.0" encoding="UTF-8"?>
<!-- Generated by org.testng.reporters.JUnitXMLReporter -->
<testsuite ignored="0" hostname="LAPTOP-GRAU5R8R" failures="1" tests="11" name="Test" time="1.283" errors="0" timestamp="2023-05-14T16:14:21 EEST">
  <testcase classname="Ng.LiI" name="MobileLoginLifeInsurance" time="0.008"/>
  <testcase classname="Ng.LiI" name="MobileLogoutLifeInsurance" time="0.006"/>
  <testcase classname="Ng.LiI" name="WebLoginLifeInsurance" time="0.003"/>
  <testcase classname="Ng.LiI" name="WebLogoutLifeInsurance" time="0.006"/>
  <testcase classname="Ng.DogI" name="MobileLoginDogInsurance" time="0.003"/>
  <testcase classname="Ng.DogI" name="WebLoginDogInsurance" time="0.005"/>
  <testcase classname="Ng.HoI" name="MobileLoginHomeInsurance" time="0.002"/>
  <testcase classname="Ng.HoI" name="WebLoginHomeInsurance" time="1.108">
    <failure type="java.lang.NoSuchMethodError" message="&amp;apos;com.google.common.collect.ImmutableMap com.google.common.collect.ImmutableMap.of(java.lang.Object, java.lang.Object, java.lang.Object, java.lang.Object, java.lang.Object, java.lang.Object, java.lang.Object, java.lang.Object, java.lang.Object, java.lang.Object, java.lang.Object, java.lang.Object)&amp;apos;">
      <![CDATA[java.lang.NoSuchMethodError: 'com.google.common.collect.ImmutableMap com.google.common.collect.ImmutableMap.of(java.lang.Object, java.lang.Object, java.lang.Object, java.lang.Object, java.lang.Object, java.lang.Object, java.lang.Object, java.lang.Object, java.lang.Object, java.lang.Object, java.lang.Object, java.lang.Object)'
at org.openqa.selenium.chrome.AddHasCasting.getAdditionalCommands(AddHasCasting.java:38)
at org.openqa.selenium.chrome.ChromeDriver$ChromeDriverCommandExecutor.getExtraCommands(ChromeDriver.java:116)
at org.openqa.selenium.chrome.ChromeDriver$ChromeDriverCommandExecutor.<init>(ChromeDriver.java:111)
at org.openqa.selenium.chrome.ChromeDriver.generateExecutor(ChromeDriver.java:101)
at org.openqa.selenium.chrome.ChromeDriver.<init>(ChromeDriver.java:88)
at org.openqa.selenium.chrome.ChromeDriver.<init>(ChromeDriver.java:84)
at org.openqa.selenium.chrome.ChromeDriver.<init>(ChromeDriver.java:52)
at Ng.HoI.WebLoginHomeInsurance(HoI.java:13)
at java.base/java.util.ArrayList.forEach(ArrayList.java:1511)
... Removed 27 stack frames]]>
    </failure>
  </testcase> <!-- WebLoginHomeInsurance -->
  <testcase classname="Ng.HoI" name="MobileLogoutHomeInsurance" time="0.003"/>
  <testcase classname="Ng.EduI" name="WebLogoutEducationInsurance" time="0.003"/>
  <testcase classname="Ng.EduI" name="MobileLogoutEducationInsurance" time="0.0"/>
</testsuite> <!-- Test -->
